<?xml version="1.0" encoding="UTF-8"?>
<!-- Generated by org.testng.reporters.JUnitReportReporter -->
<testsuite skipped="0" hostname="ELW3146" name="script.TestNo3" tests="1" failures="0" timestamp="22 Sep 2017 10:53:49 GMT" time="3.132" errors="0">
  <testcase name="testvalidLogin2" time="3.132" classname="script.TestNo3"/>
</testsuite> <!-- script.TestNo3 -->
