<?xml version="1.0" encoding="UTF-8"?>
<!-- Generated by org.testng.reporters.JUnitReportReporter -->
<testsuite skipped="0" hostname="ELW3146" name="script.TestNo2" tests="1" failures="0" timestamp="22 Sep 2017 10:53:49 GMT" time="2.846" errors="0">
  <testcase name="testvalidLogin1" time="2.846" classname="script.TestNo2"/>
</testsuite> <!-- script.TestNo2 -->
