<?xml version="1.0" encoding="UTF-8"?>
<!-- Generated by org.testng.reporters.JUnitReportReporter -->
<testsuite skipped="0" hostname="ELW3146" name="script.TestNo1" tests="1" failures="0" timestamp="24 Sep 2017 06:06:26 GMT" time="15.724" errors="0">
  <testcase name="testvalidLogin" time="15.724" classname="script.TestNo1"/>
</testsuite> <!-- script.TestNo1 -->
